<?xml version="1.0" encoding="UTF-8"?>
<!-- Generated by org.testng.reporters.JUnitReportReporter -->
<testsuite hostname="Kishore-PC" name="parallel.Actitime" tests="1" failures="0" timestamp="17 Apr 2019 14:30:26 GMT" time="15.343" errors="0">
  <testcase name="test2" time="15.343" classname="parallel.Actitime"/>
</testsuite> <!-- parallel.Actitime -->
