<?xml version="1.0" encoding="UTF-8"?>
<!-- Generated by org.testng.reporters.JUnitReportReporter -->
<testsuite hostname="Kishore-PC" name="Test.Test" tests="1" failures="0" timestamp="22 Apr 2019 04:16:18 GMT" time="23.172" errors="0">
  <testcase name="testaPP" time="23.172" classname="Test.Test"/>
</testsuite> <!-- Test.Test -->
